<?xml version="1.0" encoding="UTF-8"?>
<!-- Generated by org.testng.reporters.JUnitReportReporter -->
<testsuite hostname="DESKTOP-89LB6AS" failures="0" tests="1" name="com.testNG.Assignment1" time="0.482" errors="0" timestamp="2023-01-20T11:23:17 IST" skipped="0">
  <testcase classname="com.testNG.Assignment1" name="assignment2" time="0.482"/>
  <system-out/>
</testsuite> <!-- com.testNG.Assignment1 -->
