<?xml version="1.0" encoding="UTF-8"?>
<!-- Generated by org.testng.reporters.JUnitReportReporter -->
<testsuite hostname="DESKTOP-89LB6AS" failures="0" tests="1" name="com.testNG.Assignment2" time="4.262" errors="0" timestamp="2023-01-20T11:28:05 IST" skipped="0">
  <testcase classname="com.testNG.Assignment2" name="signupInvalid" time="4.262"/>
  <system-out/>
</testsuite> <!-- com.testNG.Assignment2 -->
